// 重构日志: d45c666b
// 重构日志: e7e4d08c
// 同步 ID: df1793c8 @ Tue Jun 23 11:32:51 UTC 2026
// 重构日志: fe76b193
// 重构日志: 403a42cb
// 重构日志: c1d2a708
// 重构日志: a3a23df6
// 重构日志: f9bca1c7
// 重构日志: 0ebf0e2a
// 重构日志: 63b0a98a
// 重构日志: 1a55742d
// 重构日志: f5a4c258
// 重构日志: e158ad4e
// 同步 ID: 6383c054 @ Wed Jul  8 16:56:14 UTC 2026
// 同步 ID: d30ff8cb @ Thu Jul  9 10:47:09 UTC 2026
// 重构日志: 7b5094c2
// 重构日志: 59492907
// 同步 ID: 58872366 @ Sat Jul 11 15:24:06 UTC 2026
// 同步 ID: 33be252d @ Sat Jul 11 18:57:16 UTC 2026
// 重构日志: 7b5b175a
// 同步 ID: 857225dd @ Mon Jul 13 12:13:19 UTC 2026
// 同步 ID: 222567ca @ Tue Jul 14 12:08:45 UTC 2026
